D:\ProyectoIngSoft\SistemaEventos\dist\out-tsc\e2e\app.po.js
D:\ProyectoIngSoft\SistemaEventos\dist\out-tsc\e2e\app.po.js.map
D:\ProyectoIngSoft\SistemaEventos\dist\out-tsc\e2e\app.e2e-spec.js
D:\ProyectoIngSoft\SistemaEventos\dist\out-tsc\e2e\app.e2e-spec.js.map
D:\ProyectoIngSoft\SistemaEventos\dist\out-tsc\src\app\app.component.js
D:\ProyectoIngSoft\SistemaEventos\dist\out-tsc\src\app\app.component.js.map
D:\ProyectoIngSoft\SistemaEventos\dist\out-tsc\src\app\modelos\evento.js
D:\ProyectoIngSoft\SistemaEventos\dist\out-tsc\src\app\modelos\evento.js.map
D:\ProyectoIngSoft\SistemaEventos\dist\out-tsc\src\app\modelos\mock-coordinates.js
D:\ProyectoIngSoft\SistemaEventos\dist\out-tsc\src\app\modelos\mock-coordinates.js.map
D:\ProyectoIngSoft\SistemaEventos\dist\out-tsc\src\app\componentes\mapa\mapa.component.js
D:\ProyectoIngSoft\SistemaEventos\dist\out-tsc\src\app\componentes\mapa\mapa.component.js.map
D:\ProyectoIngSoft\SistemaEventos\dist\out-tsc\src\app\componentes\usuario\registro\registro.component.js
D:\ProyectoIngSoft\SistemaEventos\dist\out-tsc\src\app\componentes\usuario\registro\registro.component.js.map
D:\ProyectoIngSoft\SistemaEventos\dist\out-tsc\src\app\app.module.js
D:\ProyectoIngSoft\SistemaEventos\dist\out-tsc\src\app\app.module.js.map
D:\ProyectoIngSoft\SistemaEventos\dist\out-tsc\src\environments\environment.js
D:\ProyectoIngSoft\SistemaEventos\dist\out-tsc\src\environments\environment.js.map
D:\ProyectoIngSoft\SistemaEventos\dist\out-tsc\src\main.js
D:\ProyectoIngSoft\SistemaEventos\dist\out-tsc\src\main.js.map
D:\ProyectoIngSoft\SistemaEventos\dist\out-tsc\src\polyfills.js
D:\ProyectoIngSoft\SistemaEventos\dist\out-tsc\src\polyfills.js.map
D:\ProyectoIngSoft\SistemaEventos\dist\out-tsc\src\test.js
D:\ProyectoIngSoft\SistemaEventos\dist\out-tsc\src\test.js.map
D:\ProyectoIngSoft\SistemaEventos\dist\out-tsc\src\environments\environment.prod.js
D:\ProyectoIngSoft\SistemaEventos\dist\out-tsc\src\environments\environment.prod.js.map
D:\ProyectoIngSoft\SistemaEventos\dist\out-tsc\src\app\modelos\usuario.js
D:\ProyectoIngSoft\SistemaEventos\dist\out-tsc\src\app\modelos\usuario.js.map
D:\ProyectoIngSoft\SistemaEventos\dist\out-tsc\src\app\componentes\usuario\registro\registro.component.spec.js
D:\ProyectoIngSoft\SistemaEventos\dist\out-tsc\src\app\componentes\usuario\registro\registro.component.spec.js.map
